Using pre-set license
Built from '2021.3/release' branch; Version is '2021.3.17f1 (3e8111cac19d) revision 4096273'; Using compiler version '192829333'; Build Type 'Release'
OS: 'Windows 11  (10.0.22621) 64bit Professional' Language: 'en' Physical Memory: 16085 MB
BatchMode: 1, IsHumanControllingUs: 0, StartBugReporterOnCrash: 0, Is64bit: 1, IsPro: 1

COMMAND LINE ARGUMENTS:
C:\Program Files\Unity\Hub\Editor\2021.3.17f1\Editor\Unity.exe
-adb2
-batchMode
-noUpm
-name
AssetImportWorker2
-projectPath
C:/Users/Marion/Documents/UNITY/Fruit Galore
-logFile
Logs/AssetImportWorker2.log
-srvPort
55034
Successfully changed project path to: C:/Users/Marion/Documents/UNITY/Fruit Galore
C:/Users/Marion/Documents/UNITY/Fruit Galore
[UnityMemory] Configuration Parameters - Can be set up in boot.config
    "memorysetup-bucket-allocator-granularity=16"
    "memorysetup-bucket-allocator-bucket-count=8"
    "memorysetup-bucket-allocator-block-size=33554432"
    "memorysetup-bucket-allocator-block-count=8"
    "memorysetup-main-allocator-block-size=16777216"
    "memorysetup-thread-allocator-block-size=16777216"
    "memorysetup-gfx-main-allocator-block-size=16777216"
    "memorysetup-gfx-thread-allocator-block-size=16777216"
    "memorysetup-cache-allocator-block-size=4194304"
    "memorysetup-typetree-allocator-block-size=2097152"
    "memorysetup-profiler-bucket-allocator-granularity=16"
    "memorysetup-profiler-bucket-allocator-bucket-count=8"
    "memorysetup-profiler-bucket-allocator-block-size=33554432"
    "memorysetup-profiler-bucket-allocator-block-count=8"
    "memorysetup-profiler-allocator-block-size=16777216"
    "memorysetup-profiler-editor-allocator-block-size=1048576"
    "memorysetup-temp-allocator-size-main=16777216"
    "memorysetup-job-temp-allocator-block-size=2097152"
    "memorysetup-job-temp-allocator-block-size-background=1048576"
    "memorysetup-job-temp-allocator-reduction-small-platforms=262144"
    "memorysetup-temp-allocator-size-background-worker=32768"
    "memorysetup-temp-allocator-size-job-worker=262144"
    "memorysetup-temp-allocator-size-preload-manager=33554432"
    "memorysetup-temp-allocator-size-nav-mesh-worker=65536"
    "memorysetup-temp-allocator-size-audio-worker=65536"
    "memorysetup-temp-allocator-size-cloud-worker=32768"
    "memorysetup-temp-allocator-size-gi-baking-worker=262144"
    "memorysetup-temp-allocator-size-gfx=262144"
Player connection [15896] Host "[IP] 192.168.1.172 [Port] 0 [Flags] 2 [Guid] 2995303886 [EditorId] 2995303886 [Version] 1048832 [Id] WindowsEditor(7,LAPTOP-MARION) [Debug] 1 [PackageName] WindowsEditor [ProjectName] Editor" joined multi-casting on [225.0.0.222:54997]...

Player connection [15896] Host "[IP] 192.168.1.172 [Port] 0 [Flags] 2 [Guid] 2995303886 [EditorId] 2995303886 [Version] 1048832 [Id] WindowsEditor(7,LAPTOP-MARION) [Debug] 1 [PackageName] WindowsEditor [ProjectName] Editor" joined alternative multi-casting on [225.0.0.222:34997]...

Refreshing native plugins compatible for Editor in 70.37 ms, found 4 plugins.
Preloading 0 native plugins for Editor in 0.00 ms.
Initialize engine version: 2021.3.17f1 (3e8111cac19d)
[Subsystems] Discovering subsystems at path C:/Program Files/Unity/Hub/Editor/2021.3.17f1/Editor/Data/Resources/UnitySubsystems
[Subsystems] Discovering subsystems at path C:/Users/Marion/Documents/UNITY/Fruit Galore/Assets
GfxDevice: creating device client; threaded=0; jobified=0
Direct3D:
    Version:  Direct3D 11.0 [level 11.1]
    Renderer: NVIDIA GeForce RTX 3050 Ti Laptop GPU (ID=0x25a0)
    Vendor:   NVIDIA
    VRAM:     3978 MB
    Driver:   31.0.15.2849
Initialize mono
Mono path[0] = 'C:/Program Files/Unity/Hub/Editor/2021.3.17f1/Editor/Data/Managed'
Mono path[1] = 'C:/Program Files/Unity/Hub/Editor/2021.3.17f1/Editor/Data/MonoBleedingEdge/lib/mono/unityjit-win32'
Mono config path = 'C:/Program Files/Unity/Hub/Editor/2021.3.17f1/Editor/Data/MonoBleedingEdge/etc'
Using monoOptions --debugger-agent=transport=dt_socket,embedding=1,server=y,suspend=n,address=127.0.0.1:56136
Begin MonoManager ReloadAssembly
Registering precompiled unity dll's ...
Register platform support module: C:/Program Files/Unity/Hub/Editor/2021.3.17f1/Editor/Data/PlaybackEngines/WebGLSupport/UnityEditor.WebGL.Extensions.dll
Register platform support module: C:/Program Files/Unity/Hub/Editor/2021.3.17f1/Editor/Data/PlaybackEngines/WindowsStandaloneSupport/UnityEditor.WindowsStandalone.Extensions.dll
Registered in 0.002794 seconds.
Native extension for WindowsStandalone target not found
Native extension for WebGL target not found
Refreshing native plugins compatible for Editor in 60.82 ms, found 4 plugins.
Preloading 0 native plugins for Editor in 0.00 ms.
Mono: successfully reloaded assembly
- Completed reload, in  0.431 seconds
Domain Reload Profiling:
	ReloadAssembly (432ms)
		BeginReloadAssembly (48ms)
			ExecutionOrderSort (0ms)
			DisableScriptedObjects (0ms)
			BackupInstance (0ms)
			ReleaseScriptingObjects (0ms)
			CreateAndSetChildDomain (1ms)
		EndReloadAssembly (313ms)
			LoadAssemblies (47ms)
			RebuildTransferFunctionScriptingTraits (0ms)
			SetupTypeCache (68ms)
			ReleaseScriptCaches (0ms)
			RebuildScriptCaches (17ms)
			SetupLoadedEditorAssemblies (194ms)
				LogAssemblyErrors (0ms)
				InitializePlatformSupportModulesInManaged (6ms)
				SetLoadedEditorAssemblies (0ms)
				RefreshPlugins (61ms)
				BeforeProcessingInitializeOnLoad (1ms)
				ProcessInitializeOnLoadAttributes (96ms)
				ProcessInitializeOnLoadMethodAttributes (30ms)
				AfterProcessingInitializeOnLoad (0ms)
				EditorAssembliesLoaded (0ms)
			ExecutionOrderSort2 (0ms)
			AwakeInstancesAfterBackupRestoration (0ms)
Platform modules already initialized, skipping
Registering precompiled user dll's ...
Registered in 0.003967 seconds.
Begin MonoManager ReloadAssembly
Symbol file LoadedFromMemory doesn't match image C:\Users\Marion\Documents\UNITY\Fruit Galore\Library\PackageCache\com.unity.visualscripting@1.8.0\Editor\VisualScripting.Core\Dependencies\YamlDotNet\Unity.VisualScripting.YamlDotNet.dll
Symbol file LoadedFromMemory doesn't match image C:\Users\Marion\Documents\UNITY\Fruit Galore\Library\PackageCache\com.unity.visualscripting@1.8.0\Editor\VisualScripting.Core\Dependencies\DotNetZip\Unity.VisualScripting.IonicZip.dll
Native extension for WindowsStandalone target not found
Native extension for WebGL target not found
Refreshing native plugins compatible for Editor in 60.88 ms, found 4 plugins.
Preloading 0 native plugins for Editor in 0.00 ms.
Mono: successfully reloaded assembly
- Completed reload, in  0.765 seconds
Domain Reload Profiling:
	ReloadAssembly (766ms)
		BeginReloadAssembly (70ms)
			ExecutionOrderSort (0ms)
			DisableScriptedObjects (4ms)
			BackupInstance (0ms)
			ReleaseScriptingObjects (0ms)
			CreateAndSetChildDomain (13ms)
		EndReloadAssembly (620ms)
			LoadAssemblies (53ms)
			RebuildTransferFunctionScriptingTraits (0ms)
			SetupTypeCache (160ms)
			ReleaseScriptCaches (0ms)
			RebuildScriptCaches (37ms)
			SetupLoadedEditorAssemblies (335ms)
				LogAssemblyErrors (0ms)
				InitializePlatformSupportModulesInManaged (4ms)
				SetLoadedEditorAssemblies (0ms)
				RefreshPlugins (61ms)
				BeforeProcessingInitializeOnLoad (62ms)
				ProcessInitializeOnLoadAttributes (167ms)
				ProcessInitializeOnLoadMethodAttributes (36ms)
				AfterProcessingInitializeOnLoad (5ms)
				EditorAssembliesLoaded (0ms)
			ExecutionOrderSort2 (0ms)
			AwakeInstancesAfterBackupRestoration (5ms)
Platform modules already initialized, skipping
========================================================================
Worker process is ready to serve import requests
Launched and connected shader compiler UnityShaderCompiler.exe after 0.03 seconds
Refreshing native plugins compatible for Editor in 0.52 ms, found 4 plugins.
Preloading 0 native plugins for Editor in 0.00 ms.
Unloading 4089 Unused Serialized files (Serialized files now loaded: 0)
Unloading 44 unused Assets / (229.3 KB). Loaded Objects now: 4540.
Memory consumption went from 153.5 MB to 153.3 MB.
Total: 2.689800 ms (FindLiveObjects: 0.327900 ms CreateObjectMapping: 0.111300 ms MarkObjects: 2.113300 ms  DeleteObjects: 0.135700 ms)

AssetImportParameters requested are different than current active one (requested -> active):
  custom:video-decoder-ogg-theora: a1e56fd34408186e4bbccfd4996cb3dc -> 
  custom:container-muxer-webm: aa71ff27fc2769a1b78a27578f13a17b -> 
  custom:container-demuxer-webm: 4f35f7cbe854078d1ac9338744f61a02 -> 
  custom:video-encoder-webm-vp8: eb34c28f22e8b96e1ab97ce403110664 -> 
  custom:audio-encoder-webm-vorbis: bf7c407c2cedff20999df2af8eb42d56 -> 
  custom:framework-win-MediaFoundation: 216162199b28c13a410421893ffa2e32 -> 
  custom:container-demuxer-ogg: 62fdf1f143b41e24485cea50d1cbac27 -> 
  custom:video-decoder-webm-vp8: 9c59270c3fd7afecdb556c50c9e8de78 -> 
  custom:audio-decoder-ogg-vorbis: bf7c407c2cedff20999df2af8eb42d56 -> 
========================================================================
Received Import Request.
  Time since last request: 187473.913310 seconds.
  path: Assets/Assets/Visuals/Buttons
  artifactKey: Guid(bd364ddc82c590145b6044829eadc4c9) Importer(815301076,1909f56bfc062723c751e8b465ee728b)
Start importing Assets/Assets/Visuals/Buttons using Guid(bd364ddc82c590145b6044829eadc4c9) Importer(815301076,1909f56bfc062723c751e8b465ee728b)  -> (artifact id: '354fcce2324810a458e2de6fad9b63ec') in 0.014996 seconds 
========================================================================
Received Import Request.
  Time since last request: 0.112629 seconds.
  path: Assets/Assets/Visuals/Buttons/exit_classic.png
  artifactKey: Guid(31239d23cb2e4e24294d6978cac84807) Importer(815301076,1909f56bfc062723c751e8b465ee728b)
Start importing Assets/Assets/Visuals/Buttons/exit_classic.png using Guid(31239d23cb2e4e24294d6978cac84807) Importer(815301076,1909f56bfc062723c751e8b465ee728b)  -> (artifact id: '172b5625bccc71145843bb2b1821af6b') in 0.102663 seconds 
========================================================================
Received Import Request.
  Time since last request: 0.000022 seconds.
  path: Assets/Assets/Visuals/Buttons/options_down.png
  artifactKey: Guid(b8e46d55fb536da4ca91346bf7072d8a) Importer(815301076,1909f56bfc062723c751e8b465ee728b)
Start importing Assets/Assets/Visuals/Buttons/options_down.png using Guid(b8e46d55fb536da4ca91346bf7072d8a) Importer(815301076,1909f56bfc062723c751e8b465ee728b)  -> (artifact id: '4f532c0b9387b598f46e13e6890e11a4') in 0.026870 seconds 
========================================================================
Received Import Request.
  Time since last request: 0.000018 seconds.
  path: Assets/Assets/Visuals/Buttons/restart_classic.png
  artifactKey: Guid(df2f93a201f61184bb1f69af07696f5b) Importer(815301076,1909f56bfc062723c751e8b465ee728b)
Start importing Assets/Assets/Visuals/Buttons/restart_classic.png using Guid(df2f93a201f61184bb1f69af07696f5b) Importer(815301076,1909f56bfc062723c751e8b465ee728b)  -> (artifact id: '819cc587efee63d0b5ab224f6ef9f421') in 0.035758 seconds 
========================================================================
Received Import Request.
  Time since last request: 10.739747 seconds.
  path: Assets/Assets/Visuals/Buttons/bouton_refresh.png
  artifactKey: Guid(cf0f7e8be1f41b04aa75a305a9514bd4) Importer(815301076,1909f56bfc062723c751e8b465ee728b)
Start importing Assets/Assets/Visuals/Buttons/bouton_refresh.png using Guid(cf0f7e8be1f41b04aa75a305a9514bd4) Importer(815301076,1909f56bfc062723c751e8b465ee728b)  -> (artifact id: '4d3c395f721a4e10e816497c2ec8319d') in 0.014464 seconds 
========================================================================
Received Import Request.
  Time since last request: 17.530461 seconds.
  path: Assets/Assets/Visuals/Cursor/cursor.png
  artifactKey: Guid(327b66f0a7cfab1478265dd7a1c4e5db) Importer(815301076,1909f56bfc062723c751e8b465ee728b)
Start importing Assets/Assets/Visuals/Cursor/cursor.png using Guid(327b66f0a7cfab1478265dd7a1c4e5db) Importer(815301076,1909f56bfc062723c751e8b465ee728b)  -> (artifact id: 'f94d733d330ac9507491ba292268ba53') in 0.028027 seconds 
========================================================================
Received Import Request.
  Time since last request: 73.139737 seconds.
  path: Assets/Assets/Visuals/Mixers/Animations Mixeur/jus_banane_1_1.png
  artifactKey: Guid(4ea09c47eb2790749bb5e8e3307376a8) Importer(815301076,1909f56bfc062723c751e8b465ee728b)
Start importing Assets/Assets/Visuals/Mixers/Animations Mixeur/jus_banane_1_1.png using Guid(4ea09c47eb2790749bb5e8e3307376a8) Importer(815301076,1909f56bfc062723c751e8b465ee728b)  -> (artifact id: '18e6bb159fd6c9fe4ada26327fc11ec3') in 0.035278 seconds 
========================================================================
Received Import Request.
  Time since last request: 0.000019 seconds.
  path: Assets/Assets/Visuals/Mixers/Animations Mixeur/jus_banane_2_2.png
  artifactKey: Guid(f17b43b880ba8ce40af61044f90ea755) Importer(815301076,1909f56bfc062723c751e8b465ee728b)
Start importing Assets/Assets/Visuals/Mixers/Animations Mixeur/jus_banane_2_2.png using Guid(f17b43b880ba8ce40af61044f90ea755) Importer(815301076,1909f56bfc062723c751e8b465ee728b)  -> (artifact id: 'bc3f2a7bdff7da085932da27c133877f') in 0.038935 seconds 
========================================================================
Received Import Request.
  Time since last request: 0.000020 seconds.
  path: Assets/Assets/Visuals/Mixers/Animations Mixeur/jus_banane_3_2.png
  artifactKey: Guid(ab83ddc5081e96e45a996234d46ceb73) Importer(815301076,1909f56bfc062723c751e8b465ee728b)
Start importing Assets/Assets/Visuals/Mixers/Animations Mixeur/jus_banane_3_2.png using Guid(ab83ddc5081e96e45a996234d46ceb73) Importer(815301076,1909f56bfc062723c751e8b465ee728b)  -> (artifact id: 'fbfd6f54b9492c18f85e00067ea8c98a') in 0.037204 seconds 
========================================================================
Received Import Request.
  Time since last request: 3.442433 seconds.
  path: Assets/Assets/Visuals/Mixers/Mixeur3_bouton.png
  artifactKey: Guid(1c54d978becd86f43be864dd607671be) Importer(815301076,1909f56bfc062723c751e8b465ee728b)
Start importing Assets/Assets/Visuals/Mixers/Mixeur3_bouton.png using Guid(1c54d978becd86f43be864dd607671be) Importer(815301076,1909f56bfc062723c751e8b465ee728b)  -> (artifact id: 'fda3ef301bdb10721c1cffeb408484e2') in 0.027654 seconds 
========================================================================
Received Import Request.
  Time since last request: 0.000017 seconds.
  path: Assets/Assets/Visuals/Mixers/Mixeur5_bouton.png
  artifactKey: Guid(d39a6b592bf92d04199c719f028cdd59) Importer(815301076,1909f56bfc062723c751e8b465ee728b)
Start importing Assets/Assets/Visuals/Mixers/Mixeur5_bouton.png using Guid(d39a6b592bf92d04199c719f028cdd59) Importer(815301076,1909f56bfc062723c751e8b465ee728b)  -> (artifact id: '4f6f616b5df60aaa079b6d9eef4f50f4') in 0.033746 seconds 
========================================================================
Received Import Request.
  Time since last request: 16.265418 seconds.
  path: Assets/Assets/Visuals/Animals/angry_koala.png
  artifactKey: Guid(3c11797fb63de504ca5176a28bc97861) Importer(815301076,1909f56bfc062723c751e8b465ee728b)
Start importing Assets/Assets/Visuals/Animals/angry_koala.png using Guid(3c11797fb63de504ca5176a28bc97861) Importer(815301076,1909f56bfc062723c751e8b465ee728b)  -> (artifact id: 'a67ca5ed645d3fe663c134254005e6bc') in 0.032740 seconds 
========================================================================
Received Import Request.
  Time since last request: 0.000029 seconds.
  path: Assets/Assets/Visuals/Fruits/blueberry.png
  artifactKey: Guid(73d9ceb968ef61c4298ad5922a8ccdcf) Importer(815301076,1909f56bfc062723c751e8b465ee728b)
Start importing Assets/Assets/Visuals/Fruits/blueberry.png using Guid(73d9ceb968ef61c4298ad5922a8ccdcf) Importer(815301076,1909f56bfc062723c751e8b465ee728b)  -> (artifact id: '768a6605a915ff716e4dec90baf97f37') in 0.023878 seconds 
========================================================================
Received Import Request.
  Time since last request: 0.000036 seconds.
  path: Assets/Assets/Visuals/Fruits/arrow.png
  artifactKey: Guid(aac3ad08854366c4ebc5266a42f387c8) Importer(815301076,1909f56bfc062723c751e8b465ee728b)
Start importing Assets/Assets/Visuals/Fruits/arrow.png using Guid(aac3ad08854366c4ebc5266a42f387c8) Importer(815301076,1909f56bfc062723c751e8b465ee728b)  -> (artifact id: '1fa82ff8d10a340bb4bfd56148b7275c') in 0.031601 seconds 
========================================================================
Received Import Request.
  Time since last request: 44.985308 seconds.
  path: Packages/com.unity.collab-proxy/Editor/Collaborate/Assets/Icons/publish-dark@2x.png
  artifactKey: Guid(4bc6c7e602886fd42918d903a7393536) Importer(815301076,1909f56bfc062723c751e8b465ee728b)
Start importing Packages/com.unity.collab-proxy/Editor/Collaborate/Assets/Icons/publish-dark@2x.png using Guid(4bc6c7e602886fd42918d903a7393536) Importer(815301076,1909f56bfc062723c751e8b465ee728b)  -> (artifact id: '33936fb6e9d28c751253036f81d38a00') in 0.024584 seconds 
========================================================================
Received Import Request.
  Time since last request: 1.466606 seconds.
  path: Packages/com.unity.collab-proxy/Editor/Collaborate/Assets/Icons/publish-light@2x.png
  artifactKey: Guid(2a4c44b710a153245a151f26acb70271) Importer(815301076,1909f56bfc062723c751e8b465ee728b)
Start importing Packages/com.unity.collab-proxy/Editor/Collaborate/Assets/Icons/publish-light@2x.png using Guid(2a4c44b710a153245a151f26acb70271) Importer(815301076,1909f56bfc062723c751e8b465ee728b)  -> (artifact id: '0b91d6268d8f2babfcfcd38552fa7fe8') in 0.021931 seconds 
========================================================================
Received Import Request.
  Time since last request: 2.978328 seconds.
  path: Packages/com.unity.timeline/Editor/StyleSheets/Images/LightSkin/TimelineTimeCursor.png
  artifactKey: Guid(ed665472b4fee2043a5c1cc802beaa8e) Importer(815301076,1909f56bfc062723c751e8b465ee728b)
Start importing Packages/com.unity.timeline/Editor/StyleSheets/Images/LightSkin/TimelineTimeCursor.png using Guid(ed665472b4fee2043a5c1cc802beaa8e) Importer(815301076,1909f56bfc062723c751e8b465ee728b)  -> (artifact id: 'fcef2fe90c9bc80d3dd19b00bb856341') in 0.022368 seconds 
========================================================================
Received Import Request.
  Time since last request: 0.000019 seconds.
  path: Packages/com.unity.timeline/Editor/StyleSheets/Images/Icons/TrackCurvesButtonEnabled.png
  artifactKey: Guid(9589d5d9eb09dec43b2ad51af4e78b1e) Importer(815301076,1909f56bfc062723c751e8b465ee728b)
Start importing Packages/com.unity.timeline/Editor/StyleSheets/Images/Icons/TrackCurvesButtonEnabled.png using Guid(9589d5d9eb09dec43b2ad51af4e78b1e) Importer(815301076,1909f56bfc062723c751e8b465ee728b)  -> (artifact id: '5217731b88e68a42fc5f680f7e2939fc') in 0.018827 seconds 
Editor requested this worker to shutdown with reason: Scaling down because of idle timeout
AssetImportWorker is now disconnected from the server
Process exiting
Exiting without the bug reporter. Application will terminate with return code 0