Using pre-set license
Built from '2021.3/release' branch; Version is '2021.3.17f1 (3e8111cac19d) revision 4096273'; Using compiler version '192829333'; Build Type 'Release'
OS: 'Windows 11  (10.0.22621) 64bit Professional' Language: 'en' Physical Memory: 16085 MB
BatchMode: 1, IsHumanControllingUs: 0, StartBugReporterOnCrash: 0, Is64bit: 1, IsPro: 1

COMMAND LINE ARGUMENTS:
C:\Program Files\Unity\Hub\Editor\2021.3.17f1\Editor\Unity.exe
-adb2
-batchMode
-noUpm
-name
AssetImportWorker1
-projectPath
C:/Users/Marion/Documents/UNITY/Fruit Galore
-logFile
Logs/AssetImportWorker1.log
-srvPort
55034
Successfully changed project path to: C:/Users/Marion/Documents/UNITY/Fruit Galore
C:/Users/Marion/Documents/UNITY/Fruit Galore
[UnityMemory] Configuration Parameters - Can be set up in boot.config
    "memorysetup-bucket-allocator-granularity=16"
    "memorysetup-bucket-allocator-bucket-count=8"
    "memorysetup-bucket-allocator-block-size=33554432"
    "memorysetup-bucket-allocator-block-count=8"
    "memorysetup-main-allocator-block-size=16777216"
    "memorysetup-thread-allocator-block-size=16777216"
    "memorysetup-gfx-main-allocator-block-size=16777216"
    "memorysetup-gfx-thread-allocator-block-size=16777216"
    "memorysetup-cache-allocator-block-size=4194304"
    "memorysetup-typetree-allocator-block-size=2097152"
    "memorysetup-profiler-bucket-allocator-granularity=16"
    "memorysetup-profiler-bucket-allocator-bucket-count=8"
    "memorysetup-profiler-bucket-allocator-block-size=33554432"
    "memorysetup-profiler-bucket-allocator-block-count=8"
    "memorysetup-profiler-allocator-block-size=16777216"
    "memorysetup-profiler-editor-allocator-block-size=1048576"
    "memorysetup-temp-allocator-size-main=16777216"
    "memorysetup-job-temp-allocator-block-size=2097152"
    "memorysetup-job-temp-allocator-block-size-background=1048576"
    "memorysetup-job-temp-allocator-reduction-small-platforms=262144"
    "memorysetup-temp-allocator-size-background-worker=32768"
    "memorysetup-temp-allocator-size-job-worker=262144"
    "memorysetup-temp-allocator-size-preload-manager=33554432"
    "memorysetup-temp-allocator-size-nav-mesh-worker=65536"
    "memorysetup-temp-allocator-size-audio-worker=65536"
    "memorysetup-temp-allocator-size-cloud-worker=32768"
    "memorysetup-temp-allocator-size-gi-baking-worker=262144"
    "memorysetup-temp-allocator-size-gfx=262144"
Player connection [15908] Host "[IP] 192.168.1.172 [Port] 0 [Flags] 2 [Guid] 3134466465 [EditorId] 3134466465 [Version] 1048832 [Id] WindowsEditor(7,LAPTOP-MARION) [Debug] 1 [PackageName] WindowsEditor [ProjectName] Editor" joined multi-casting on [225.0.0.222:54997]...

Player connection [15908] Host "[IP] 192.168.1.172 [Port] 0 [Flags] 2 [Guid] 3134466465 [EditorId] 3134466465 [Version] 1048832 [Id] WindowsEditor(7,LAPTOP-MARION) [Debug] 1 [PackageName] WindowsEditor [ProjectName] Editor" joined alternative multi-casting on [225.0.0.222:34997]...

Refreshing native plugins compatible for Editor in 59.14 ms, found 4 plugins.
Preloading 0 native plugins for Editor in 0.00 ms.
Initialize engine version: 2021.3.17f1 (3e8111cac19d)
[Subsystems] Discovering subsystems at path C:/Program Files/Unity/Hub/Editor/2021.3.17f1/Editor/Data/Resources/UnitySubsystems
[Subsystems] Discovering subsystems at path C:/Users/Marion/Documents/UNITY/Fruit Galore/Assets
GfxDevice: creating device client; threaded=0; jobified=0
Direct3D:
    Version:  Direct3D 11.0 [level 11.1]
    Renderer: NVIDIA GeForce RTX 3050 Ti Laptop GPU (ID=0x25a0)
    Vendor:   NVIDIA
    VRAM:     3978 MB
    Driver:   31.0.15.2849
Initialize mono
Mono path[0] = 'C:/Program Files/Unity/Hub/Editor/2021.3.17f1/Editor/Data/Managed'
Mono path[1] = 'C:/Program Files/Unity/Hub/Editor/2021.3.17f1/Editor/Data/MonoBleedingEdge/lib/mono/unityjit-win32'
Mono config path = 'C:/Program Files/Unity/Hub/Editor/2021.3.17f1/Editor/Data/MonoBleedingEdge/etc'
Using monoOptions --debugger-agent=transport=dt_socket,embedding=1,server=y,suspend=n,address=127.0.0.1:56716
Begin MonoManager ReloadAssembly
Registering precompiled unity dll's ...
Register platform support module: C:/Program Files/Unity/Hub/Editor/2021.3.17f1/Editor/Data/PlaybackEngines/WebGLSupport/UnityEditor.WebGL.Extensions.dll
Register platform support module: C:/Program Files/Unity/Hub/Editor/2021.3.17f1/Editor/Data/PlaybackEngines/WindowsStandaloneSupport/UnityEditor.WindowsStandalone.Extensions.dll
Registered in 0.002713 seconds.
Native extension for WindowsStandalone target not found
Native extension for WebGL target not found
Refreshing native plugins compatible for Editor in 60.26 ms, found 4 plugins.
Preloading 0 native plugins for Editor in 0.00 ms.
Mono: successfully reloaded assembly
- Completed reload, in  0.434 seconds
Domain Reload Profiling:
	ReloadAssembly (434ms)
		BeginReloadAssembly (44ms)
			ExecutionOrderSort (0ms)
			DisableScriptedObjects (0ms)
			BackupInstance (0ms)
			ReleaseScriptingObjects (0ms)
			CreateAndSetChildDomain (1ms)
		EndReloadAssembly (319ms)
			LoadAssemblies (43ms)
			RebuildTransferFunctionScriptingTraits (0ms)
			SetupTypeCache (72ms)
			ReleaseScriptCaches (0ms)
			RebuildScriptCaches (20ms)
			SetupLoadedEditorAssemblies (192ms)
				LogAssemblyErrors (0ms)
				InitializePlatformSupportModulesInManaged (6ms)
				SetLoadedEditorAssemblies (0ms)
				RefreshPlugins (60ms)
				BeforeProcessingInitializeOnLoad (1ms)
				ProcessInitializeOnLoadAttributes (94ms)
				ProcessInitializeOnLoadMethodAttributes (31ms)
				AfterProcessingInitializeOnLoad (0ms)
				EditorAssembliesLoaded (0ms)
			ExecutionOrderSort2 (0ms)
			AwakeInstancesAfterBackupRestoration (0ms)
Platform modules already initialized, skipping
Registering precompiled user dll's ...
Registered in 0.005203 seconds.
Begin MonoManager ReloadAssembly
Symbol file LoadedFromMemory doesn't match image C:\Users\Marion\Documents\UNITY\Fruit Galore\Library\PackageCache\com.unity.visualscripting@1.8.0\Editor\VisualScripting.Core\Dependencies\YamlDotNet\Unity.VisualScripting.YamlDotNet.dll
Symbol file LoadedFromMemory doesn't match image C:\Users\Marion\Documents\UNITY\Fruit Galore\Library\PackageCache\com.unity.visualscripting@1.8.0\Editor\VisualScripting.Core\Dependencies\DotNetZip\Unity.VisualScripting.IonicZip.dll
Native extension for WindowsStandalone target not found
Native extension for WebGL target not found
Refreshing native plugins compatible for Editor in 57.34 ms, found 4 plugins.
Preloading 0 native plugins for Editor in 0.00 ms.
Mono: successfully reloaded assembly
- Completed reload, in  0.781 seconds
Domain Reload Profiling:
	ReloadAssembly (782ms)
		BeginReloadAssembly (72ms)
			ExecutionOrderSort (0ms)
			DisableScriptedObjects (4ms)
			BackupInstance (0ms)
			ReleaseScriptingObjects (0ms)
			CreateAndSetChildDomain (14ms)
		EndReloadAssembly (633ms)
			LoadAssemblies (60ms)
			RebuildTransferFunctionScriptingTraits (0ms)
			SetupTypeCache (157ms)
			ReleaseScriptCaches (0ms)
			RebuildScriptCaches (36ms)
			SetupLoadedEditorAssemblies (345ms)
				LogAssemblyErrors (0ms)
				InitializePlatformSupportModulesInManaged (3ms)
				SetLoadedEditorAssemblies (0ms)
				RefreshPlugins (57ms)
				BeforeProcessingInitializeOnLoad (61ms)
				ProcessInitializeOnLoadAttributes (188ms)
				ProcessInitializeOnLoadMethodAttributes (31ms)
				AfterProcessingInitializeOnLoad (3ms)
				EditorAssembliesLoaded (0ms)
			ExecutionOrderSort2 (0ms)
			AwakeInstancesAfterBackupRestoration (5ms)
Platform modules already initialized, skipping
========================================================================
Worker process is ready to serve import requests
Launched and connected shader compiler UnityShaderCompiler.exe after 0.04 seconds
Refreshing native plugins compatible for Editor in 0.59 ms, found 4 plugins.
Preloading 0 native plugins for Editor in 0.00 ms.
Unloading 4089 Unused Serialized files (Serialized files now loaded: 0)
Unloading 44 unused Assets / (229.3 KB). Loaded Objects now: 4540.
Memory consumption went from 153.5 MB to 153.3 MB.
Total: 3.154700 ms (FindLiveObjects: 0.230800 ms CreateObjectMapping: 0.197900 ms MarkObjects: 2.599200 ms  DeleteObjects: 0.125600 ms)

AssetImportParameters requested are different than current active one (requested -> active):
  custom:video-decoder-ogg-theora: a1e56fd34408186e4bbccfd4996cb3dc -> 
  custom:container-muxer-webm: aa71ff27fc2769a1b78a27578f13a17b -> 
  custom:container-demuxer-webm: 4f35f7cbe854078d1ac9338744f61a02 -> 
  custom:video-encoder-webm-vp8: eb34c28f22e8b96e1ab97ce403110664 -> 
  custom:audio-encoder-webm-vorbis: bf7c407c2cedff20999df2af8eb42d56 -> 
  custom:framework-win-MediaFoundation: 216162199b28c13a410421893ffa2e32 -> 
  custom:container-demuxer-ogg: 62fdf1f143b41e24485cea50d1cbac27 -> 
  custom:video-decoder-webm-vp8: 9c59270c3fd7afecdb556c50c9e8de78 -> 
  custom:audio-decoder-ogg-vorbis: bf7c407c2cedff20999df2af8eb42d56 -> 
========================================================================
Received Import Request.
  Time since last request: 187459.319594 seconds.
  path: Assets/Assets/Visuals
  artifactKey: Guid(91e6bb14d50a9154f98f6e537c2f3d30) Importer(815301076,1909f56bfc062723c751e8b465ee728b)
Start importing Assets/Assets/Visuals using Guid(91e6bb14d50a9154f98f6e537c2f3d30) Importer(815301076,1909f56bfc062723c751e8b465ee728b)  -> (artifact id: '62c19977ccecd3bcd7218084d20c132e') in 0.014294 seconds 
========================================================================
Received Import Request.
  Time since last request: 0.000026 seconds.
  path: Assets/Assets/Visuals/Sunday Smoothie TMP.asset
  artifactKey: Guid(d671946125ea57042ab414c0018f855c) Importer(815301076,1909f56bfc062723c751e8b465ee728b)
Start importing Assets/Assets/Visuals/Sunday Smoothie TMP.asset using Guid(d671946125ea57042ab414c0018f855c) Importer(815301076,1909f56bfc062723c751e8b465ee728b)  -> (artifact id: '9000a37507353ae0670c6a403065522c') in 0.132663 seconds 
========================================================================
Received Import Request.
  Time since last request: 5.765416 seconds.
  path: Assets/Assets/Visuals/UI/calepin_error_1.png
  artifactKey: Guid(6f1d6460ed40e9e4a98b316053b689c3) Importer(815301076,1909f56bfc062723c751e8b465ee728b)
Start importing Assets/Assets/Visuals/UI/calepin_error_1.png using Guid(6f1d6460ed40e9e4a98b316053b689c3) Importer(815301076,1909f56bfc062723c751e8b465ee728b)  -> (artifact id: '2c0fbaed4bcdef940f39151e32f92d2f') in 0.045095 seconds 
========================================================================
Received Import Request.
  Time since last request: 0.000025 seconds.
  path: Assets/Assets/Visuals/UI/calepin_error_2.png
  artifactKey: Guid(3dd7b35ab3e7bd4479071e0a8be75dc8) Importer(815301076,1909f56bfc062723c751e8b465ee728b)
Start importing Assets/Assets/Visuals/UI/calepin_error_2.png using Guid(3dd7b35ab3e7bd4479071e0a8be75dc8) Importer(815301076,1909f56bfc062723c751e8b465ee728b)  -> (artifact id: '9b71701560311fda22f8cca40587d30d') in 0.024460 seconds 
========================================================================
Received Import Request.
  Time since last request: 0.000018 seconds.
  path: Assets/Assets/Visuals/UI/calepin_vierge.png
  artifactKey: Guid(447115f3e46cd6843bed7000b3f02e8d) Importer(815301076,1909f56bfc062723c751e8b465ee728b)
Start importing Assets/Assets/Visuals/UI/calepin_vierge.png using Guid(447115f3e46cd6843bed7000b3f02e8d) Importer(815301076,1909f56bfc062723c751e8b465ee728b)  -> (artifact id: 'a621c885afb5b7278e2640cb50651816') in 0.024430 seconds 
========================================================================
Received Import Request.
  Time since last request: 0.000023 seconds.
  path: Assets/Assets/Visuals/UI/check_vert_crayon.png
  artifactKey: Guid(0aa5ab058b61af947afffe92eabc5cf1) Importer(815301076,1909f56bfc062723c751e8b465ee728b)
Start importing Assets/Assets/Visuals/UI/check_vert_crayon.png using Guid(0aa5ab058b61af947afffe92eabc5cf1) Importer(815301076,1909f56bfc062723c751e8b465ee728b)  -> (artifact id: '73142a8a6b0886ee8361191582ba5867') in 0.025059 seconds 
========================================================================
Received Import Request.
  Time since last request: 0.000017 seconds.
  path: Assets/Assets/Visuals/UI/timer_filled.png
  artifactKey: Guid(b79f72d1472f5dc4098104dbf14c94d8) Importer(815301076,1909f56bfc062723c751e8b465ee728b)
Start importing Assets/Assets/Visuals/UI/timer_filled.png using Guid(b79f72d1472f5dc4098104dbf14c94d8) Importer(815301076,1909f56bfc062723c751e8b465ee728b)  -> (artifact id: '3072b4f6b193f8fc31414228bef00fa1') in 0.020014 seconds 
========================================================================
Received Import Request.
  Time since last request: 0.000016 seconds.
  path: Assets/Assets/Visuals/UI/check_vert_tag.png
  artifactKey: Guid(b432521289102c34494b92abf90c2898) Importer(815301076,1909f56bfc062723c751e8b465ee728b)
Start importing Assets/Assets/Visuals/UI/check_vert_tag.png using Guid(b432521289102c34494b92abf90c2898) Importer(815301076,1909f56bfc062723c751e8b465ee728b)  -> (artifact id: '52b496975b0f238fd016c34722c350e7') in 0.042647 seconds 
========================================================================
Received Import Request.
  Time since last request: 0.000023 seconds.
  path: Assets/Assets/Visuals/UI/error_2.png
  artifactKey: Guid(4dc1dcdaa1eea4f4285dd956dd4bf576) Importer(815301076,1909f56bfc062723c751e8b465ee728b)
Start importing Assets/Assets/Visuals/UI/error_2.png using Guid(4dc1dcdaa1eea4f4285dd956dd4bf576) Importer(815301076,1909f56bfc062723c751e8b465ee728b)  -> (artifact id: '98ae1bc8703d8538da687ee9a39c754a') in 0.032215 seconds 
========================================================================
Received Import Request.
  Time since last request: 0.000023 seconds.
  path: Assets/Assets/Visuals/UI/postItError_2.png
  artifactKey: Guid(72acdd3a6a1e58047b28839c4a259068) Importer(815301076,1909f56bfc062723c751e8b465ee728b)
Start importing Assets/Assets/Visuals/UI/postItError_2.png using Guid(72acdd3a6a1e58047b28839c4a259068) Importer(815301076,1909f56bfc062723c751e8b465ee728b)  -> (artifact id: 'caf11efc288dfce4d76e5c64106278b3') in 0.025195 seconds 
========================================================================
Received Import Request.
  Time since last request: 0.000024 seconds.
  path: Assets/Assets/Visuals/UI/calepin_error_3.png
  artifactKey: Guid(57de20f18ef656c41b8b50e934760862) Importer(815301076,1909f56bfc062723c751e8b465ee728b)
Start importing Assets/Assets/Visuals/UI/calepin_error_3.png using Guid(57de20f18ef656c41b8b50e934760862) Importer(815301076,1909f56bfc062723c751e8b465ee728b)  -> (artifact id: '26b00ae423c758b9532f5d569749c446') in 0.023336 seconds 
========================================================================
Received Import Request.
  Time since last request: 0.000018 seconds.
  path: Assets/Assets/Visuals/UI/postItError_1.png
  artifactKey: Guid(15809559978d571448df8c970114c535) Importer(815301076,1909f56bfc062723c751e8b465ee728b)
Start importing Assets/Assets/Visuals/UI/postItError_1.png using Guid(15809559978d571448df8c970114c535) Importer(815301076,1909f56bfc062723c751e8b465ee728b)  -> (artifact id: '344c0d1b9631e23fa8b82dc66ba432a3') in 0.029722 seconds 
========================================================================
Received Import Request.
  Time since last request: 0.000016 seconds.
  path: Assets/Assets/Visuals/UI/chronometre_plat_rouge.png
  artifactKey: Guid(10c31d8d952e2a1419f48c6ae605a70a) Importer(815301076,1909f56bfc062723c751e8b465ee728b)
Start importing Assets/Assets/Visuals/UI/chronometre_plat_rouge.png using Guid(10c31d8d952e2a1419f48c6ae605a70a) Importer(815301076,1909f56bfc062723c751e8b465ee728b)  -> (artifact id: '32d4fa1d8be4ca6e3d08cba4a31a3149') in 0.025722 seconds 
========================================================================
Received Import Request.
  Time since last request: 8.444247 seconds.
  path: Assets/Assets/Visuals/Buttons/exit_over.png
  artifactKey: Guid(e6d06ed6cad02c84fbef8690e2a846c4) Importer(815301076,1909f56bfc062723c751e8b465ee728b)
Start importing Assets/Assets/Visuals/Buttons/exit_over.png using Guid(e6d06ed6cad02c84fbef8690e2a846c4) Importer(815301076,1909f56bfc062723c751e8b465ee728b)  -> (artifact id: '24e4c9a05af8f47430f39a3143ebf503') in 0.034584 seconds 
========================================================================
Received Import Request.
  Time since last request: 0.000020 seconds.
  path: Assets/Assets/Visuals/Buttons/restart_over.png
  artifactKey: Guid(3c4206141f544804594025268434f82c) Importer(815301076,1909f56bfc062723c751e8b465ee728b)
Start importing Assets/Assets/Visuals/Buttons/restart_over.png using Guid(3c4206141f544804594025268434f82c) Importer(815301076,1909f56bfc062723c751e8b465ee728b)  -> (artifact id: 'f7f2f7bb61e5129c32423ab042c44a81') in 0.029617 seconds 
========================================================================
Received Import Request.
  Time since last request: 0.000017 seconds.
  path: Assets/Assets/Visuals/Buttons/options_over.png
  artifactKey: Guid(08cf9b0091247394784682f2cf15a1fd) Importer(815301076,1909f56bfc062723c751e8b465ee728b)
Start importing Assets/Assets/Visuals/Buttons/options_over.png using Guid(08cf9b0091247394784682f2cf15a1fd) Importer(815301076,1909f56bfc062723c751e8b465ee728b)  -> (artifact id: '3bb5e32fb97835a8ff220d696151efaa') in 0.029731 seconds 
========================================================================
Received Import Request.
  Time since last request: 0.000024 seconds.
  path: Assets/Assets/Visuals/Buttons/play_over.png
  artifactKey: Guid(fdd53fcc5a82b0042b72ff2ad09dfe67) Importer(815301076,1909f56bfc062723c751e8b465ee728b)
Start importing Assets/Assets/Visuals/Buttons/play_over.png using Guid(fdd53fcc5a82b0042b72ff2ad09dfe67) Importer(815301076,1909f56bfc062723c751e8b465ee728b)  -> (artifact id: '1f94230c220910fd0b5b4b6d3daf7d8d') in 0.026070 seconds 
========================================================================
Received Import Request.
  Time since last request: 0.000019 seconds.
  path: Assets/Assets/Visuals/Buttons/restart_down.png
  artifactKey: Guid(137802db67a968e418de61e7d0196714) Importer(815301076,1909f56bfc062723c751e8b465ee728b)
Start importing Assets/Assets/Visuals/Buttons/restart_down.png using Guid(137802db67a968e418de61e7d0196714) Importer(815301076,1909f56bfc062723c751e8b465ee728b)  -> (artifact id: '23c4f97dcfc8f0f6f01dec90519e5acb') in 0.035970 seconds 
========================================================================
Received Import Request.
  Time since last request: 10.740744 seconds.
  path: Assets/Assets/Visuals/Buttons/slowDown.png
  artifactKey: Guid(8415c8610a5d3394cb2e19dc067451fe) Importer(815301076,1909f56bfc062723c751e8b465ee728b)
Start importing Assets/Assets/Visuals/Buttons/slowDown.png using Guid(8415c8610a5d3394cb2e19dc067451fe) Importer(815301076,1909f56bfc062723c751e8b465ee728b)  -> (artifact id: 'a2ae0bd481584882696d711d2245f25d') in 0.030212 seconds 
Editor requested this worker to shutdown with reason: Scaling down because of idle timeout
AssetImportWorkerClient::OnTransportError - code=2 error=End of file
AssetImportWorker is now disconnected from the server
Process exiting
Exiting without the bug reporter. Application will terminate with return code 0